<?xml version='1.0' encoding='UTF-8'?>
<testsuite hostname="LAPTOP-21JBL694" name="DMAController.ControllerSpec" tests="1" errors="0" failures="0" skipped="0" time="9.189" timestamp="2025-04-26T10:48:24">
          <properties>
      <property name="awt.toolkit" value="sun.awt.X11.XToolkit"/><property name="java.specification.version" value="11"/><property name="sun.cpu.isalist" value=""/><property name="sun.jnu.encoding" value="UTF-8"/><property name="sun.arch.data.model" value="64"/><property name="java.vendor.url" value="https://ubuntu.com/"/><property name="sbt.override.build.repos" value="true"/><property name="sun.boot.library.path" value="/usr/lib/jvm/java-11-openjdk-amd64/lib"/><property name="sun.java.command" value="/home/yxy/.cache/sbt/boot/sbt-launch/1.10.1/sbt-launch-1.10.1.jar Test / testOnly -t *ControllerSpec"/><property name="jdk.debug" value="release"/><property name="java.specification.vendor" value="Oracle Corporation"/><property name="java.version.date" value="2025-01-21"/><property name="java.home" value="/usr/lib/jvm/java-11-openjdk-amd64"/><property name="file.separator" value="/"/><property name="java.vm.compressedOopsMode" value="32-bit"/><property name="line.separator" value="
"/><property name="java.specification.name" value="Java Platform API Specification"/><property name="java.vm.specification.vendor" value="Oracle Corporation"/><property name="sun.management.compiler" value="HotSpot 64-Bit Tiered Compilers"/><property name="java.runtime.version" value="11.0.26+4-post-Ubuntu-1ubuntu122.04"/><property name="user.name" value="yxy"/><property name="log4j.ignoreTCL" value="true"/><property name="file.encoding" value="UTF-8"/><property name="jnidispatch.path" value="/home/yxy/.cache/JNA/temp/jna10480257846640143722.tmp"/><property name="jna.loaded" value="true"/><property name="java.io.tmpdir" value="/tmp"/><property name="java.version" value="11.0.26"/><property name="java.vm.specification.name" value="Java Virtual Machine Specification"/><property name="java.awt.printerjob" value="sun.print.PSPrinterJob"/><property name="sun.os.patch.level" value="unknown"/><property name="java.library.path" value="/usr/java/packages/lib:/usr/lib/x86_64-linux-gnu/jni:/lib/x86_64-linux-gnu:/usr/lib/x86_64-linux-gnu:/usr/lib/jni:/lib:/usr/lib"/><property name="java.vendor" value="Ubuntu"/><property name="java.specification.maintenance.version" value="3"/><property name="scala.ext.dirs" value="/home/yxy/.sbt/1.0/java9-rt-ext-ubuntu_11_0_26"/><property name="sun.io.unicode.encoding" value="UnicodeLittle"/><property name="http.proxyHost" value="127.0.0.1"/><property name="java.class.path" value="/home/yxy/.cache/sbt/boot/sbt-launch/1.10.1/sbt-launch-1.10.1.jar"/><property name="https.proxyPort" value="10809"/><property name="java.vm.vendor" value="Ubuntu"/><property name="jline.shutdownhook" value="false"/><property name="user.timezone" value="Asia/Shanghai"/><property name="os.name" value="Linux"/><property name="java.vm.specification.version" value="11"/><property name="sun.java.launcher" value="SUN_STANDARD"/><property name="sun.cpu.endian" value="little"/><property name="user.home" value="/home/yxy"/><property name="user.language" value="en"/><property name="sbt.script" value="/usr/bin/sbt"/><property name="sbt.ipcsocket.tmpdir" value="/run/user/1000/.sbtded68870/ipcsocket"/><property name="swoval.tmpdir" value="/run/user/1000/.sbtded68870/swoval"/><property name="https.proxyHost" value="127.0.0.1"/><property name="java.awt.graphicsenv" value="sun.awt.X11GraphicsEnvironment"/><property name="jline.esc.timeout" value="0"/><property name="path.separator" value=":"/><property name="os.version" value="5.15.167.4-microsoft-standard-WSL2"/><property name="jna.nosys" value="true"/><property name="java.runtime.name" value="OpenJDK Runtime Environment"/><property name="java.vm.name" value="OpenJDK 64-Bit Server VM"/><property name="jna.platform.library.path" value="/usr/lib/x86_64-linux-gnu:/lib/x86_64-linux-gnu:/usr/lib64:/lib64:/usr/lib:/lib:/usr/lib/wsl/lib:/usr/local/lib:/usr/lib/x86_64-linux-gnu/libfakeroot"/><property name="java.vendor.url.bug" value="https://bugs.launchpad.net/ubuntu/+source/openjdk-lts"/><property name="user.dir" value="/home/yxy/smallDMA"/><property name="os.arch" value="amd64"/><property name="java.vm.info" value="mixed mode, sharing"/><property name="java.vm.version" value="11.0.26+4-post-Ubuntu-1ubuntu122.04"/><property name="java.class.version" value="55.0"/><property name="http.proxyPort" value="10809"/>
    </properties>
          <testcase classname="DMAController.ControllerSpec" name=" should perform 2D MM2MM transfer with stride 1 mem to 2 slaves" time="9.189">
                      
                    </testcase>
          <system-out><![CDATA[]]></system-out>
          <system-err><![CDATA[]]></system-err>
        </testsuite>